<?xml version="1.0" encoding="UTF-8"?>
<testng-results skipped="0" failed="0" total="4" passed="4">
  <reporter-output>
  </reporter-output>
  <suite name="Open Cart Parallel Suite" duration-ms="11044" started-at="2024-03-30T09:10:50Z" finished-at="2024-03-30T09:11:01Z">
    <groups>
      <group name="cucumber">
        <method signature="AbstractTestNGCucumberTests.runScenario(io.cucumber.testng.PickleWrapper, io.cucumber.testng.FeatureWrapper)[pri:0, instance:runner.TestRunner@5c1a8622]" name="runScenario" class="io.cucumber.testng.AbstractTestNGCucumberTests"/>
      </group> <!-- cucumber -->
    </groups>
    <test name="Login Page Tests" duration-ms="11044" started-at="2024-03-30T09:10:50Z" finished-at="2024-03-30T09:11:01Z">
      <class name="runner.TestRunner">
        <test-method status="PASS" signature="setUpClass(org.testng.ITestContext)[pri:0, instance:runner.TestRunner@5c1a8622]" name="setUpClass" is-config="true" duration-ms="865" started-at="2024-03-30T14:40:50Z" finished-at="2024-03-30T14:40:51Z">
          <params>
            <param index="0">
              <value>
                <![CDATA[org.testng.TestRunner@56de5251]]>
              </value>
            </param>
          </params>
          <reporter-output>
          </reporter-output>
        </test-method> <!-- setUpClass -->
        <test-method status="PASS" signature="runScenario(io.cucumber.testng.PickleWrapper, io.cucumber.testng.FeatureWrapper)[pri:0, instance:runner.TestRunner@5c1a8622]" name="runScenario" duration-ms="7182" started-at="2024-03-30T14:40:51Z" description="Runs Cucumber Scenarios" data-provider="scenarios" finished-at="2024-03-30T14:40:58Z">
          <params>
            <param index="0">
              <value>
                <![CDATA["user reads the xml file"]]>
              </value>
            </param>
            <param index="1">
              <value>
                <![CDATA["This feature reads the xml file"]]>
              </value>
            </param>
          </params>
          <reporter-output>
          </reporter-output>
        </test-method> <!-- runScenario -->
        <test-method status="PASS" signature="runScenario(io.cucumber.testng.PickleWrapper, io.cucumber.testng.FeatureWrapper)[pri:0, instance:runner.TestRunner@5c1a8622]" name="runScenario" duration-ms="33" started-at="2024-03-30T14:40:58Z" description="Runs Cucumber Scenarios" data-provider="scenarios" finished-at="2024-03-30T14:40:58Z">
          <params>
            <param index="0">
              <value>
                <![CDATA["Unsuccessful login with invalid credentials"]]>
              </value>
            </param>
            <param index="1">
              <value>
                <![CDATA["This feature reads the xml file"]]>
              </value>
            </param>
          </params>
          <reporter-output>
          </reporter-output>
        </test-method> <!-- runScenario -->
        <test-method status="PASS" signature="runScenario(io.cucumber.testng.PickleWrapper, io.cucumber.testng.FeatureWrapper)[pri:0, instance:runner.TestRunner@5c1a8622]" name="runScenario" duration-ms="25" started-at="2024-03-30T14:40:58Z" description="Runs Cucumber Scenarios" data-provider="scenarios" finished-at="2024-03-30T14:40:58Z">
          <params>
            <param index="0">
              <value>
                <![CDATA["Unsuccessful login with invalid credentials"]]>
              </value>
            </param>
            <param index="1">
              <value>
                <![CDATA["This feature reads the xml file"]]>
              </value>
            </param>
          </params>
          <reporter-output>
          </reporter-output>
        </test-method> <!-- runScenario -->
        <test-method status="PASS" signature="runScenario(io.cucumber.testng.PickleWrapper, io.cucumber.testng.FeatureWrapper)[pri:0, instance:runner.TestRunner@5c1a8622]" name="runScenario" duration-ms="32" started-at="2024-03-30T14:40:58Z" description="Runs Cucumber Scenarios" data-provider="scenarios" finished-at="2024-03-30T14:40:58Z">
          <params>
            <param index="0">
              <value>
                <![CDATA["Unsuccessful login with invalid credentials"]]>
              </value>
            </param>
            <param index="1">
              <value>
                <![CDATA["This feature reads the xml file"]]>
              </value>
            </param>
          </params>
          <reporter-output>
          </reporter-output>
        </test-method> <!-- runScenario -->
        <test-method status="PASS" signature="tearDownClass()[pri:0, instance:runner.TestRunner@5c1a8622]" name="tearDownClass" is-config="true" duration-ms="2897" started-at="2024-03-30T14:40:58Z" finished-at="2024-03-30T14:41:01Z">
          <reporter-output>
          </reporter-output>
        </test-method> <!-- tearDownClass -->
      </class> <!-- runner.TestRunner -->
    </test> <!-- Login Page Tests -->
  </suite> <!-- Open Cart Parallel Suite -->
</testng-results>
