<?xml version="1.0" encoding="UTF-8"?>
<!-- Generated by org.testng.reporters.JUnitXMLReporter -->
<testsuite hostname="WKWZTQeaBry2svC" name="Login Page Tests" tests="4" failures="0" timestamp="30 Mar 2024 09:11:01 GMT" time="11.044" errors="0">
  <testcase name="runScenario" time="7.182" classname="runner.TestRunner"/>
  <testcase name="runScenario" time="0.033" classname="runner.TestRunner"/>
  <testcase name="runScenario" time="0.025" classname="runner.TestRunner"/>
  <testcase name="runScenario" time="0.032" classname="runner.TestRunner"/>
</testsuite> <!-- Login Page Tests -->
